Using pre-set license
Built from '2020.2/staging' branch; Version is '2020.2.5f1 (e2c53f129de5) revision 14861631'; Using compiler version '192528614'; Build Type 'Release'
OS: 'Windows 10 Home; OS build 18363.1440; Version 1909; 64bit' Language: 'en' Physical Memory: 8071 MB
BatchMode: 1, IsHumanControllingUs: 0, StartBugReporterOnCrash: 0, Is64bit: 1, IsPro: 0

 COMMAND LINE ARGUMENTS:
C:\Program Files\Unity\Hub\Editor\2020.2.5f1\Editor\Unity.exe
-adb2
-batchMode
-noUpm
-name
AssetImportWorker0
-projectPath
D:/AP/3DGameProgramming/Rocket_assignment/rocket-assignment-part-1-Janekkemp/Rocket_Asignment
-logFile
Logs/AssetImportWorker0.log
-srvPort
64349
Successfully changed project path to: D:/AP/3DGameProgramming/Rocket_assignment/rocket-assignment-part-1-Janekkemp/Rocket_Asignment
D:/AP/3DGameProgramming/Rocket_assignment/rocket-assignment-part-1-Janekkemp/Rocket_Asignment
Using Asset Import Pipeline V2.
Refreshing native plugins compatible for Editor in 23.19 ms, found 0 plugins.
Preloading 0 native plugins for Editor in 0.00 ms.
Initialize engine version: 2020.2.5f1 (e2c53f129de5)
[Subsystems] Discovering subsystems at path C:/Program Files/Unity/Hub/Editor/2020.2.5f1/Editor/Data/Resources/UnitySubsystems
[Subsystems] Discovering subsystems at path D:/AP/3DGameProgramming/Rocket_assignment/rocket-assignment-part-1-Janekkemp/Rocket_Asignment/Assets
GfxDevice: creating device client; threaded=0
Direct3D:
    Version:  Direct3D 11.0 [level 11.1]
    Renderer: NVIDIA GeForce GTX 1650 (ID=0x1f91)
    Vendor:   
    VRAM:     3962 MB
    Driver:   27.21.14.6172
Initialize mono
Mono path[0] = 'C:/Program Files/Unity/Hub/Editor/2020.2.5f1/Editor/Data/Managed'
Mono path[1] = 'C:/Program Files/Unity/Hub/Editor/2020.2.5f1/Editor/Data/MonoBleedingEdge/lib/mono/unityjit'
Mono config path = 'C:/Program Files/Unity/Hub/Editor/2020.2.5f1/Editor/Data/MonoBleedingEdge/etc'
Using monoOptions --debugger-agent=transport=dt_socket,embedding=1,server=y,suspend=n,address=127.0.0.1:56752
Begin MonoManager ReloadAssembly
Registering precompiled unity dll's ...
Register platform support module: C:/Program Files/Unity/Hub/Editor/2020.2.5f1/Editor/Data/PlaybackEngines/WebGLSupport/UnityEditor.WebGL.Extensions.dll
Register platform support module: C:/Program Files/Unity/Hub/Editor/2020.2.5f1/Editor/Data/PlaybackEngines/WindowsStandaloneSupport/UnityEditor.WindowsStandalone.Extensions.dll
Registered in 0.101643 seconds.
Native extension for WindowsStandalone target not found
Native extension for WebGL target not found
Refreshing native plugins compatible for Editor in 21.10 ms, found 0 plugins.
Preloading 0 native plugins for Editor in 0.00 ms.
Invoked RoslynAnalysisRunner static constructor.
RoslynAnalysisRunner will not be running.
RoslynAnalysisRunner has terminated.
Mono: successfully reloaded assembly
- Completed reload, in  6.191 seconds
Platform modules already initialized, skipping
Registering precompiled user dll's ...
Registered in 0.007581 seconds.
Begin MonoManager ReloadAssembly
Native extension for WindowsStandalone target not found
Native extension for WebGL target not found
Refreshing native plugins compatible for Editor in 0.27 ms, found 0 plugins.
Preloading 0 native plugins for Editor in 0.00 ms.
Invoked RoslynAnalysisRunner static constructor.
RoslynAnalysisRunner will not be running.
RoslynAnalysisRunner has terminated.
Mono: successfully reloaded assembly
- Completed reload, in  1.119 seconds
Platform modules already initialized, skipping
========================================================================
Worker process is ready to serve import requests
Launched and connected shader compiler UnityShaderCompiler.exe after 0.11 seconds
Refreshing native plugins compatible for Editor in 0.23 ms, found 0 plugins.
Preloading 0 native plugins for Editor in 0.00 ms.
Unloading 1149 Unused Serialized files (Serialized files now loaded: 0)
System memory in use before: 59.9 MB.
System memory in use after: 60.0 MB.

Unloading 10 unused Assets to reduce memory usage. Loaded Objects now: 1596.
Total: 2.987100 ms (FindLiveObjects: 0.224200 ms CreateObjectMapping: 0.064900 ms MarkObjects: 2.611000 ms  DeleteObjects: 0.085200 ms)

========================================================================
Received Import Request.
  path: Assets/Materials/Obstacle.mat
  artifactKey: Guid(b48b4096cb11b414eab5d9af26a1504e) Importer(815301076,1909f56bfc062723c751e8b465ee728b)
Start importing Assets/Materials/Obstacle.mat using Guid(b48b4096cb11b414eab5d9af26a1504e) Importer(815301076,1909f56bfc062723c751e8b465ee728b)  -> (artifact id: 'cddff5668bbc6b6f043729f5a81d3b93') in 0.249265 seconds
  Import took 0.282157 seconds .

========================================================================
Received Prepare
Registering precompiled user dll's ...
Registered in 0.000858 seconds.
Begin MonoManager ReloadAssembly
Native extension for WindowsStandalone target not found
Native extension for WebGL target not found
Refreshing native plugins compatible for Editor in 0.21 ms, found 0 plugins.
Preloading 0 native plugins for Editor in 0.00 ms.
Invoked RoslynAnalysisRunner static constructor.
RoslynAnalysisRunner will not be running.
RoslynAnalysisRunner has terminated.
Mono: successfully reloaded assembly
- Completed reload, in  0.738 seconds
Platform modules already initialized, skipping
Refreshing native plugins compatible for Editor in 0.21 ms, found 0 plugins.
Preloading 0 native plugins for Editor in 0.00 ms.
Unloading 1143 Unused Serialized files (Serialized files now loaded: 0)
System memory in use before: 63.1 MB.
System memory in use after: 63.2 MB.

Unloading 5 unused Assets to reduce memory usage. Loaded Objects now: 1638.
Total: 1.559900 ms (FindLiveObjects: 0.192800 ms CreateObjectMapping: 0.047100 ms MarkObjects: 1.273600 ms  DeleteObjects: 0.045600 ms)

========================================================================
Received Import Request.
  Time since last request: 112.862558 seconds.
  path: Assets/Scenes
  artifactKey: Guid(417f13c92cba8ea4e9bce42c57b7db21) Importer(815301076,1909f56bfc062723c751e8b465ee728b)
Start importing Assets/Scenes using Guid(417f13c92cba8ea4e9bce42c57b7db21) Importer(815301076,1909f56bfc062723c751e8b465ee728b)  -> (artifact id: 'd2d79cd3c0f85c87ccd3c560a86e6367') in 0.047158 seconds
  Import took 0.075916 seconds .

========================================================================
Received Import Request.
  Time since last request: 1.598062 seconds.
  path: Assets/Scenes/1_Level.unity
  artifactKey: Guid(3e1e930bb66103042bffc56b30c5fc31) Importer(815301076,1909f56bfc062723c751e8b465ee728b)
Start importing Assets/Scenes/1_Level.unity using Guid(3e1e930bb66103042bffc56b30c5fc31) Importer(815301076,1909f56bfc062723c751e8b465ee728b)  -> (artifact id: '638f21623214a41b2d6446611e8deea0') in 0.142919 seconds
  Import took 0.212566 seconds .

========================================================================
Received Prepare
Registering precompiled user dll's ...
Registered in 0.001081 seconds.
Begin MonoManager ReloadAssembly
Native extension for WindowsStandalone target not found
Native extension for WebGL target not found
Refreshing native plugins compatible for Editor in 0.80 ms, found 0 plugins.
Preloading 0 native plugins for Editor in 0.00 ms.
Invoked RoslynAnalysisRunner static constructor.
RoslynAnalysisRunner will not be running.
RoslynAnalysisRunner has terminated.
Mono: successfully reloaded assembly
- Completed reload, in  1.540 seconds
Platform modules already initialized, skipping
Refreshing native plugins compatible for Editor in 0.59 ms, found 0 plugins.
Preloading 0 native plugins for Editor in 0.00 ms.
Unloading 1143 Unused Serialized files (Serialized files now loaded: 0)
System memory in use before: 63.1 MB.
System memory in use after: 63.2 MB.

Unloading 5 unused Assets to reduce memory usage. Loaded Objects now: 1640.
Total: 7.407200 ms (FindLiveObjects: 0.253700 ms CreateObjectMapping: 0.053800 ms MarkObjects: 6.591000 ms  DeleteObjects: 0.500600 ms)

========================================================================
Received Import Request.
  Time since last request: 1835.783780 seconds.
  path: Assets/Scripts/RocketMovement.cs
  artifactKey: Guid(849f4f1eb13159941a5a906d4981f465) Importer(815301076,1909f56bfc062723c751e8b465ee728b)
Start importing Assets/Scripts/RocketMovement.cs using Guid(849f4f1eb13159941a5a906d4981f465) Importer(815301076,1909f56bfc062723c751e8b465ee728b)  -> (artifact id: '8cf3bd5c2608a4b06ae136ce6d3a485e') in 0.049596 seconds
  Import took 0.056586 seconds .

========================================================================
Received Prepare
Registering precompiled user dll's ...
Registered in 0.031788 seconds.
Begin MonoManager ReloadAssembly
Native extension for WindowsStandalone target not found
Native extension for WebGL target not found
Refreshing native plugins compatible for Editor in 0.21 ms, found 0 plugins.
Preloading 0 native plugins for Editor in 0.00 ms.
Invoked RoslynAnalysisRunner static constructor.
RoslynAnalysisRunner will not be running.
RoslynAnalysisRunner has terminated.
Mono: successfully reloaded assembly
- Completed reload, in  0.941 seconds
Platform modules already initialized, skipping
Refreshing native plugins compatible for Editor in 0.34 ms, found 0 plugins.
Preloading 0 native plugins for Editor in 0.00 ms.
Unloading 1143 Unused Serialized files (Serialized files now loaded: 0)
System memory in use before: 63.2 MB.
System memory in use after: 63.2 MB.

Unloading 5 unused Assets to reduce memory usage. Loaded Objects now: 1642.
Total: 2.014900 ms (FindLiveObjects: 0.134600 ms CreateObjectMapping: 0.033300 ms MarkObjects: 1.794400 ms  DeleteObjects: 0.051600 ms)

========================================================================
Received Prepare
Registering precompiled user dll's ...
Registered in 0.000679 seconds.
Begin MonoManager ReloadAssembly
Native extension for WindowsStandalone target not found
Native extension for WebGL target not found
Refreshing native plugins compatible for Editor in 0.31 ms, found 0 plugins.
Preloading 0 native plugins for Editor in 0.00 ms.
Invoked RoslynAnalysisRunner static constructor.
RoslynAnalysisRunner will not be running.
RoslynAnalysisRunner has terminated.
Mono: successfully reloaded assembly
- Completed reload, in  1.117 seconds
Platform modules already initialized, skipping
Script is not up to date after domain reload: guid(b18f4c1a0ec773e46ba87d4b25a8dbb9) path("Assets/Scripts/Health.cs") state(2)
Script is not up to date after domain reload: guid(66207d52cd7563f4583ea1bdaf5cd7c3) path("Assets/Scripts/Damage.cs") state(2)
Refreshing native plugins compatible for Editor in 0.27 ms, found 0 plugins.
Preloading 0 native plugins for Editor in 0.00 ms.
Unloading 1143 Unused Serialized files (Serialized files now loaded: 0)
System memory in use before: 63.2 MB.
System memory in use after: 63.3 MB.

Unloading 5 unused Assets to reduce memory usage. Loaded Objects now: 1644.
Total: 2.461000 ms (FindLiveObjects: 0.494100 ms CreateObjectMapping: 0.046900 ms MarkObjects: 1.802500 ms  DeleteObjects: 0.113900 ms)

========================================================================
Received Import Request.
  Time since last request: 327.990770 seconds.
  path: Assets/Scripts/Health.cs
  artifactKey: Guid(b18f4c1a0ec773e46ba87d4b25a8dbb9) Importer(815301076,1909f56bfc062723c751e8b465ee728b)
Start importing Assets/Scripts/Health.cs using Guid(b18f4c1a0ec773e46ba87d4b25a8dbb9) Importer(815301076,1909f56bfc062723c751e8b465ee728b)  -> (artifact id: '1c24ba8eab870b0a611f2d20d0de4d47') in 0.039541 seconds
  Import took 0.088997 seconds .

========================================================================
Received Prepare
Registering precompiled user dll's ...
Registered in 0.000638 seconds.
Begin MonoManager ReloadAssembly
Native extension for WindowsStandalone target not found
Native extension for WebGL target not found
Refreshing native plugins compatible for Editor in 0.22 ms, found 0 plugins.
Preloading 0 native plugins for Editor in 0.00 ms.
Invoked RoslynAnalysisRunner static constructor.
RoslynAnalysisRunner will not be running.
RoslynAnalysisRunner has terminated.
Mono: successfully reloaded assembly
- Completed reload, in  0.815 seconds
Platform modules already initialized, skipping
Refreshing native plugins compatible for Editor in 0.22 ms, found 0 plugins.
Preloading 0 native plugins for Editor in 0.00 ms.
Unloading 1145 Unused Serialized files (Serialized files now loaded: 0)
System memory in use before: 63.2 MB.
System memory in use after: 63.3 MB.

Unloading 5 unused Assets to reduce memory usage. Loaded Objects now: 1648.
Total: 2.097300 ms (FindLiveObjects: 0.144400 ms CreateObjectMapping: 0.033300 ms MarkObjects: 1.829700 ms  DeleteObjects: 0.088500 ms)

========================================================================
Received Import Request.
  Time since last request: 288.745248 seconds.
  path: Assets/Scripts/Damage.cs
  artifactKey: Guid(66207d52cd7563f4583ea1bdaf5cd7c3) Importer(815301076,1909f56bfc062723c751e8b465ee728b)
Start importing Assets/Scripts/Damage.cs using Guid(66207d52cd7563f4583ea1bdaf5cd7c3) Importer(815301076,1909f56bfc062723c751e8b465ee728b)  -> (artifact id: '2afead9ed5999b2e85f711e486cd6eed') in 0.004938 seconds
  Import took 0.010891 seconds .

========================================================================
Received Prepare
Registering precompiled user dll's ...
Registered in 0.001061 seconds.
Begin MonoManager ReloadAssembly
Native extension for WindowsStandalone target not found
Native extension for WebGL target not found
Refreshing native plugins compatible for Editor in 0.21 ms, found 0 plugins.
Preloading 0 native plugins for Editor in 0.00 ms.
Invoked RoslynAnalysisRunner static constructor.
RoslynAnalysisRunner will not be running.
RoslynAnalysisRunner has terminated.
Mono: successfully reloaded assembly
- Completed reload, in  0.734 seconds
Platform modules already initialized, skipping
Refreshing native plugins compatible for Editor in 0.26 ms, found 0 plugins.
Preloading 0 native plugins for Editor in 0.00 ms.
Unloading 1145 Unused Serialized files (Serialized files now loaded: 0)
System memory in use before: 63.2 MB.
System memory in use after: 63.3 MB.

Unloading 5 unused Assets to reduce memory usage. Loaded Objects now: 1650.
Total: 1.702200 ms (FindLiveObjects: 0.125600 ms CreateObjectMapping: 0.035900 ms MarkObjects: 1.362000 ms  DeleteObjects: 0.177600 ms)

========================================================================
Received Prepare
Registering precompiled user dll's ...
Registered in 0.000770 seconds.
Begin MonoManager ReloadAssembly
Native extension for WindowsStandalone target not found
Native extension for WebGL target not found
Refreshing native plugins compatible for Editor in 0.24 ms, found 0 plugins.
Preloading 0 native plugins for Editor in 0.00 ms.
Invoked RoslynAnalysisRunner static constructor.
RoslynAnalysisRunner will not be running.
RoslynAnalysisRunner has terminated.
Mono: successfully reloaded assembly
- Completed reload, in  0.819 seconds
Platform modules already initialized, skipping
Refreshing native plugins compatible for Editor in 0.25 ms, found 0 plugins.
Preloading 0 native plugins for Editor in 0.00 ms.
Unloading 1145 Unused Serialized files (Serialized files now loaded: 0)
System memory in use before: 63.2 MB.
System memory in use after: 63.3 MB.

Unloading 5 unused Assets to reduce memory usage. Loaded Objects now: 1652.
Total: 1.932800 ms (FindLiveObjects: 0.135600 ms CreateObjectMapping: 0.030300 ms MarkObjects: 1.703400 ms  DeleteObjects: 0.062000 ms)

========================================================================
Received Prepare
Registering precompiled user dll's ...
Registered in 0.001050 seconds.
Begin MonoManager ReloadAssembly
Native extension for WindowsStandalone target not found
Native extension for WebGL target not found
Refreshing native plugins compatible for Editor in 0.26 ms, found 0 plugins.
Preloading 0 native plugins for Editor in 0.00 ms.
Invoked RoslynAnalysisRunner static constructor.
RoslynAnalysisRunner will not be running.
RoslynAnalysisRunner has terminated.
Mono: successfully reloaded assembly
- Completed reload, in  0.736 seconds
Platform modules already initialized, skipping
Refreshing native plugins compatible for Editor in 0.22 ms, found 0 plugins.
Preloading 0 native plugins for Editor in 0.00 ms.
Unloading 1145 Unused Serialized files (Serialized files now loaded: 0)
System memory in use before: 63.2 MB.
System memory in use after: 63.3 MB.

Unloading 5 unused Assets to reduce memory usage. Loaded Objects now: 1654.
Total: 1.495100 ms (FindLiveObjects: 0.125600 ms CreateObjectMapping: 0.036100 ms MarkObjects: 1.283200 ms  DeleteObjects: 0.049200 ms)

========================================================================
Received Prepare
Registering precompiled user dll's ...
Registered in 0.000637 seconds.
Begin MonoManager ReloadAssembly
Native extension for WindowsStandalone target not found
Native extension for WebGL target not found
Refreshing native plugins compatible for Editor in 0.24 ms, found 0 plugins.
Preloading 0 native plugins for Editor in 0.00 ms.
Invoked RoslynAnalysisRunner static constructor.
RoslynAnalysisRunner will not be running.
RoslynAnalysisRunner has terminated.
Mono: successfully reloaded assembly
- Completed reload, in  0.704 seconds
Platform modules already initialized, skipping
Refreshing native plugins compatible for Editor in 0.21 ms, found 0 plugins.
Preloading 0 native plugins for Editor in 0.00 ms.
Unloading 1145 Unused Serialized files (Serialized files now loaded: 0)
System memory in use before: 63.3 MB.
System memory in use after: 63.3 MB.

Unloading 5 unused Assets to reduce memory usage. Loaded Objects now: 1656.
Total: 1.583100 ms (FindLiveObjects: 0.137200 ms CreateObjectMapping: 0.036500 ms MarkObjects: 1.359000 ms  DeleteObjects: 0.049500 ms)

========================================================================
Received Prepare
Registering precompiled user dll's ...
Registered in 0.015961 seconds.
Begin MonoManager ReloadAssembly
Native extension for WindowsStandalone target not found
Native extension for WebGL target not found
Refreshing native plugins compatible for Editor in 0.36 ms, found 0 plugins.
Preloading 0 native plugins for Editor in 0.00 ms.
Invoked RoslynAnalysisRunner static constructor.
RoslynAnalysisRunner will not be running.
RoslynAnalysisRunner has terminated.
Mono: successfully reloaded assembly
- Completed reload, in  1.398 seconds
Platform modules already initialized, skipping
Refreshing native plugins compatible for Editor in 0.21 ms, found 0 plugins.
Preloading 0 native plugins for Editor in 0.00 ms.
Unloading 1145 Unused Serialized files (Serialized files now loaded: 0)
System memory in use before: 63.3 MB.
System memory in use after: 63.3 MB.

Unloading 5 unused Assets to reduce memory usage. Loaded Objects now: 1658.
Total: 3.306100 ms (FindLiveObjects: 0.165000 ms CreateObjectMapping: 0.038700 ms MarkObjects: 2.490400 ms  DeleteObjects: 0.607700 ms)

========================================================================
Received Import Request.
  Time since last request: 1480.317211 seconds.
  path: Assets/Scripts/NextLevel.cs
  artifactKey: Guid(34ce93f17fc10354a8deb801e1c3dfbb) Importer(815301076,1909f56bfc062723c751e8b465ee728b)
Start importing Assets/Scripts/NextLevel.cs using Guid(34ce93f17fc10354a8deb801e1c3dfbb) Importer(815301076,1909f56bfc062723c751e8b465ee728b)  -> (artifact id: '53412369e3f48db24eb13fce6c3b35ca') in 0.800746 seconds
  Import took 1.330285 seconds .

========================================================================
Received Prepare
Registering precompiled user dll's ...
Registered in 0.001114 seconds.
Begin MonoManager ReloadAssembly
Native extension for WindowsStandalone target not found
Native extension for WebGL target not found
Refreshing native plugins compatible for Editor in 0.25 ms, found 0 plugins.
Preloading 0 native plugins for Editor in 0.00 ms.
Invoked RoslynAnalysisRunner static constructor.
RoslynAnalysisRunner will not be running.
RoslynAnalysisRunner has terminated.
Mono: successfully reloaded assembly
- Completed reload, in  1.798 seconds
Platform modules already initialized, skipping
Refreshing native plugins compatible for Editor in 0.22 ms, found 0 plugins.
Preloading 0 native plugins for Editor in 0.00 ms.
Unloading 1146 Unused Serialized files (Serialized files now loaded: 0)
System memory in use before: 63.3 MB.
System memory in use after: 63.4 MB.

Unloading 5 unused Assets to reduce memory usage. Loaded Objects now: 1661.
Total: 99.125900 ms (FindLiveObjects: 26.139700 ms CreateObjectMapping: 0.103800 ms MarkObjects: 72.254500 ms  DeleteObjects: 0.624800 ms)

========================================================================
Received Prepare
Registering precompiled user dll's ...
Registered in 0.024460 seconds.
Begin MonoManager ReloadAssembly
Native extension for WindowsStandalone target not found
Native extension for WebGL target not found
Refreshing native plugins compatible for Editor in 0.22 ms, found 0 plugins.
Preloading 0 native plugins for Editor in 0.00 ms.
Invoked RoslynAnalysisRunner static constructor.
RoslynAnalysisRunner will not be running.
RoslynAnalysisRunner has terminated.
Mono: successfully reloaded assembly
- Completed reload, in  1.192 seconds
Platform modules already initialized, skipping
Refreshing native plugins compatible for Editor in 0.81 ms, found 0 plugins.
Preloading 0 native plugins for Editor in 0.00 ms.
Unloading 1146 Unused Serialized files (Serialized files now loaded: 0)
System memory in use before: 63.3 MB.
System memory in use after: 63.4 MB.

Unloading 5 unused Assets to reduce memory usage. Loaded Objects now: 1663.
Total: 3.108000 ms (FindLiveObjects: 0.270900 ms CreateObjectMapping: 0.050300 ms MarkObjects: 2.281200 ms  DeleteObjects: 0.498500 ms)

========================================================================
Received Import Request.
  Time since last request: 888.440166 seconds.
  path: ProjectSettings/TagManager.asset
  artifactKey: Guid(00000000000000003000000000000000) Importer(815301076,1909f56bfc062723c751e8b465ee728b)
Start importing ProjectSettings/TagManager.asset using Guid(00000000000000003000000000000000) Importer(815301076,1909f56bfc062723c751e8b465ee728b)  -> (artifact id: 'fc5c7960eb4383985c2daab0b35c3452') in 0.059128 seconds
  Import took 0.088370 seconds .

========================================================================
Received Prepare
Registering precompiled user dll's ...
Registered in 0.000715 seconds.
Begin MonoManager ReloadAssembly
Native extension for WindowsStandalone target not found
Native extension for WebGL target not found
Refreshing native plugins compatible for Editor in 0.27 ms, found 0 plugins.
Preloading 0 native plugins for Editor in 0.00 ms.
Invoked RoslynAnalysisRunner static constructor.
RoslynAnalysisRunner will not be running.
RoslynAnalysisRunner has terminated.
Mono: successfully reloaded assembly
- Completed reload, in  1.589 seconds
Platform modules already initialized, skipping
Refreshing native plugins compatible for Editor in 0.38 ms, found 0 plugins.
Preloading 0 native plugins for Editor in 0.00 ms.
Unloading 1146 Unused Serialized files (Serialized files now loaded: 0)
System memory in use before: 63.3 MB.
System memory in use after: 63.4 MB.

Unloading 6 unused Assets to reduce memory usage. Loaded Objects now: 1665.
Total: 8.765500 ms (FindLiveObjects: 0.801100 ms CreateObjectMapping: 0.049600 ms MarkObjects: 7.379300 ms  DeleteObjects: 0.532700 ms)

========================================================================
Received Import Request.
  Time since last request: 219.594871 seconds.
  path: Assets/Scripts/NextLevel.cs
  artifactKey: Guid(34ce93f17fc10354a8deb801e1c3dfbb) Importer(815301076,1909f56bfc062723c751e8b465ee728b)
Start importing Assets/Scripts/NextLevel.cs using Guid(34ce93f17fc10354a8deb801e1c3dfbb) Importer(815301076,1909f56bfc062723c751e8b465ee728b)  -> (artifact id: '45123d89e6f6759877387664fcf6465f') in 0.008169 seconds
  Import took 0.013198 seconds .

========================================================================
Received Prepare
Registering precompiled user dll's ...
Registered in 0.033472 seconds.
Begin MonoManager ReloadAssembly
Native extension for WindowsStandalone target not found
Native extension for WebGL target not found
Refreshing native plugins compatible for Editor in 0.25 ms, found 0 plugins.
Preloading 0 native plugins for Editor in 0.00 ms.
Invoked RoslynAnalysisRunner static constructor.
RoslynAnalysisRunner will not be running.
RoslynAnalysisRunner has terminated.
Mono: successfully reloaded assembly
- Completed reload, in  1.036 seconds
Platform modules already initialized, skipping
Refreshing native plugins compatible for Editor in 0.22 ms, found 0 plugins.
Preloading 0 native plugins for Editor in 0.00 ms.
Unloading 1146 Unused Serialized files (Serialized files now loaded: 0)
System memory in use before: 63.3 MB.
System memory in use after: 63.4 MB.

Unloading 5 unused Assets to reduce memory usage. Loaded Objects now: 1667.
Total: 2.294800 ms (FindLiveObjects: 0.187600 ms CreateObjectMapping: 0.039700 ms MarkObjects: 1.782000 ms  DeleteObjects: 0.283900 ms)

========================================================================
Received Prepare
Registering precompiled user dll's ...
Registered in 0.027401 seconds.
Begin MonoManager ReloadAssembly
Native extension for WindowsStandalone target not found
Native extension for WebGL target not found
Refreshing native plugins compatible for Editor in 1.08 ms, found 0 plugins.
Preloading 0 native plugins for Editor in 0.00 ms.
Invoked RoslynAnalysisRunner static constructor.
RoslynAnalysisRunner will not be running.
RoslynAnalysisRunner has terminated.
Mono: successfully reloaded assembly
- Completed reload, in  1.126 seconds
Platform modules already initialized, skipping
Refreshing native plugins compatible for Editor in 0.36 ms, found 0 plugins.
Preloading 0 native plugins for Editor in 0.00 ms.
Unloading 1146 Unused Serialized files (Serialized files now loaded: 0)
System memory in use before: 63.3 MB.
System memory in use after: 63.4 MB.

Unloading 5 unused Assets to reduce memory usage. Loaded Objects now: 1669.
Total: 3.156800 ms (FindLiveObjects: 0.289500 ms CreateObjectMapping: 0.091600 ms MarkObjects: 2.702200 ms  DeleteObjects: 0.070500 ms)

========================================================================
Received Prepare
Registering precompiled user dll's ...
Registered in 0.015274 seconds.
Begin MonoManager ReloadAssembly
Native extension for WindowsStandalone target not found
Native extension for WebGL target not found
Refreshing native plugins compatible for Editor in 0.24 ms, found 0 plugins.
Preloading 0 native plugins for Editor in 0.00 ms.
Invoked RoslynAnalysisRunner static constructor.
RoslynAnalysisRunner will not be running.
RoslynAnalysisRunner has terminated.
Mono: successfully reloaded assembly
- Completed reload, in  0.890 seconds
Platform modules already initialized, skipping
Refreshing native plugins compatible for Editor in 0.23 ms, found 0 plugins.
Preloading 0 native plugins for Editor in 0.00 ms.
Unloading 1146 Unused Serialized files (Serialized files now loaded: 0)
System memory in use before: 63.3 MB.
System memory in use after: 63.4 MB.

Unloading 5 unused Assets to reduce memory usage. Loaded Objects now: 1671.
Total: 1.779100 ms (FindLiveObjects: 0.139900 ms CreateObjectMapping: 0.036600 ms MarkObjects: 1.536300 ms  DeleteObjects: 0.064000 ms)

========================================================================
Received Prepare
Registering precompiled user dll's ...
Registered in 0.001603 seconds.
Begin MonoManager ReloadAssembly
Native extension for WindowsStandalone target not found
Native extension for WebGL target not found
Refreshing native plugins compatible for Editor in 0.42 ms, found 0 plugins.
Preloading 0 native plugins for Editor in 0.00 ms.
Invoked RoslynAnalysisRunner static constructor.
RoslynAnalysisRunner will not be running.
RoslynAnalysisRunner has terminated.
Mono: successfully reloaded assembly
- Completed reload, in  0.834 seconds
Platform modules already initialized, skipping
Refreshing native plugins compatible for Editor in 0.24 ms, found 0 plugins.
Preloading 0 native plugins for Editor in 0.00 ms.
Unloading 1146 Unused Serialized files (Serialized files now loaded: 0)
System memory in use before: 63.3 MB.
System memory in use after: 63.4 MB.

Unloading 5 unused Assets to reduce memory usage. Loaded Objects now: 1673.
Total: 2.074700 ms (FindLiveObjects: 0.166900 ms CreateObjectMapping: 0.034900 ms MarkObjects: 1.787100 ms  DeleteObjects: 0.084100 ms)

========================================================================
Received Prepare
Registering precompiled user dll's ...
Registered in 0.023197 seconds.
Begin MonoManager ReloadAssembly
Native extension for WindowsStandalone target not found
Native extension for WebGL target not found
Refreshing native plugins compatible for Editor in 0.25 ms, found 0 plugins.
Preloading 0 native plugins for Editor in 0.00 ms.
Invoked RoslynAnalysisRunner static constructor.
RoslynAnalysisRunner will not be running.
RoslynAnalysisRunner has terminated.
Mono: successfully reloaded assembly
- Completed reload, in  1.022 seconds
Platform modules already initialized, skipping
Refreshing native plugins compatible for Editor in 0.21 ms, found 0 plugins.
Preloading 0 native plugins for Editor in 0.00 ms.
Unloading 1146 Unused Serialized files (Serialized files now loaded: 0)
System memory in use before: 63.3 MB.
System memory in use after: 63.4 MB.

Unloading 5 unused Assets to reduce memory usage. Loaded Objects now: 1675.
Total: 1.844200 ms (FindLiveObjects: 0.130100 ms CreateObjectMapping: 0.032900 ms MarkObjects: 1.612100 ms  DeleteObjects: 0.068100 ms)

========================================================================
Received Import Request.
  Time since last request: 1265.618497 seconds.
  path: Assets/Scenes/2_Level.unity
  artifactKey: Guid(b364da9a0b8d952478fc1576a7efe173) Importer(815301076,1909f56bfc062723c751e8b465ee728b)
Start importing Assets/Scenes/2_Level.unity using Guid(b364da9a0b8d952478fc1576a7efe173) Importer(815301076,1909f56bfc062723c751e8b465ee728b)  -> (artifact id: '54382a48d021d7062cbad42629b2ed4b') in 0.368398 seconds
  Import took 0.489871 seconds .

========================================================================
Received Import Request.
  Time since last request: 18.650585 seconds.
  path: Assets/Prefabs/Obstacle.prefab
  artifactKey: Guid(adeac3432b3593c48838a0eee3ce3703) Importer(815301076,1909f56bfc062723c751e8b465ee728b)
Start importing Assets/Prefabs/Obstacle.prefab using Guid(adeac3432b3593c48838a0eee3ce3703) Importer(815301076,1909f56bfc062723c751e8b465ee728b)  -> (artifact id: 'b7f2843007a480ad38900826659d1244') in 0.235371 seconds
  Import took 0.240992 seconds .

========================================================================
Received Import Request.
  Time since last request: 10.869345 seconds.
  path: Assets/Prefabs/Obstacle (1) Variant.prefab
  artifactKey: Guid(04a055a1fc742084ba43de3c1860f649) Importer(815301076,1909f56bfc062723c751e8b465ee728b)
Start importing Assets/Prefabs/Obstacle (1) Variant.prefab using Guid(04a055a1fc742084ba43de3c1860f649) Importer(815301076,1909f56bfc062723c751e8b465ee728b)  -> (artifact id: '1dcf7981a0912ce7b8636d17eea40dc9') in 0.011447 seconds
  Import took 0.017198 seconds .

========================================================================
Received Import Request.
  Time since last request: 0.025887 seconds.
  path: Assets/Prefabs/Obstacle (1) Variant.prefab
  artifactKey: Guid(04a055a1fc742084ba43de3c1860f649) Importer(815301076,1909f56bfc062723c751e8b465ee728b)
Start importing Assets/Prefabs/Obstacle (1) Variant.prefab using Guid(04a055a1fc742084ba43de3c1860f649) Importer(815301076,1909f56bfc062723c751e8b465ee728b)  -> (artifact id: '1dcf7981a0912ce7b8636d17eea40dc9') in 0.298665 seconds
  Import took 0.305736 seconds .

========================================================================
Received Import Request.
  Time since last request: 23.103731 seconds.
  path: Assets/Materials/New Material.mat
  artifactKey: Guid(644545fe362f009408b4ef840ca8e570) Importer(815301076,1909f56bfc062723c751e8b465ee728b)
Start importing Assets/Materials/New Material.mat using Guid(644545fe362f009408b4ef840ca8e570) Importer(815301076,1909f56bfc062723c751e8b465ee728b)  -> (artifact id: '013a31c34aef5f9ee0ba5a7ed7484e20') in 0.042413 seconds
  Import took 0.048293 seconds .

========================================================================
Received Import Request.
  Time since last request: 9.196490 seconds.
  path: Assets/Prefabs/Obstacle (1) Variant.prefab
  artifactKey: Guid(04a055a1fc742084ba43de3c1860f649) Importer(815301076,1909f56bfc062723c751e8b465ee728b)
Start importing Assets/Prefabs/Obstacle (1) Variant.prefab using Guid(04a055a1fc742084ba43de3c1860f649) Importer(815301076,1909f56bfc062723c751e8b465ee728b)  -> (artifact id: 'feac818520fa450507990f50f843de20') in 0.012331 seconds
  Import took 0.018472 seconds .

========================================================================
Received Import Request.
  Time since last request: 7.690720 seconds.
  path: Assets/Prefabs/Obstacle (1) Variant.prefab
  artifactKey: Guid(04a055a1fc742084ba43de3c1860f649) Importer(815301076,1909f56bfc062723c751e8b465ee728b)
Start importing Assets/Prefabs/Obstacle (1) Variant.prefab using Guid(04a055a1fc742084ba43de3c1860f649) Importer(815301076,1909f56bfc062723c751e8b465ee728b)  -> (artifact id: 'cb412907ae779911644af4db844f85fd') in 0.025158 seconds
  Import took 0.039507 seconds .

========================================================================
Received Import Request.
  Time since last request: 209.295725 seconds.
  path: Assets/Prefabs/Obstacle (3) Variant.prefab
  artifactKey: Guid(98eafd725b346154d956049e627ef7e8) Importer(815301076,1909f56bfc062723c751e8b465ee728b)
Start importing Assets/Prefabs/Obstacle (3) Variant.prefab using Guid(98eafd725b346154d956049e627ef7e8) Importer(815301076,1909f56bfc062723c751e8b465ee728b)  -> (artifact id: '0b430b63f264deb406940fb9ac8abaf3') in 0.014632 seconds
  Import took 0.022394 seconds .

========================================================================
Received Import Request.
  Time since last request: 0.017984 seconds.
  path: Assets/Prefabs/Obstacle (3) Variant.prefab
  artifactKey: Guid(98eafd725b346154d956049e627ef7e8) Importer(815301076,1909f56bfc062723c751e8b465ee728b)
Start importing Assets/Prefabs/Obstacle (3) Variant.prefab using Guid(98eafd725b346154d956049e627ef7e8) Importer(815301076,1909f56bfc062723c751e8b465ee728b)  -> (artifact id: '0b430b63f264deb406940fb9ac8abaf3') in 0.016792 seconds
  Import took 0.022135 seconds .

========================================================================
Received Import Request.
  Time since last request: 36.874022 seconds.
  path: Assets/Prefabs/Obstacle (3).prefab
  artifactKey: Guid(36f2365e805594a4b800229346ffc4a0) Importer(815301076,1909f56bfc062723c751e8b465ee728b)
Start importing Assets/Prefabs/Obstacle (3).prefab using Guid(36f2365e805594a4b800229346ffc4a0) Importer(815301076,1909f56bfc062723c751e8b465ee728b)  -> (artifact id: '950f105f4a3742e19de487609f71f82a') in 0.010815 seconds
  Import took 0.024272 seconds .

========================================================================
Received Import Request.
  Time since last request: 0.004674 seconds.
  path: Assets/Prefabs/Obstacle (3).prefab
  artifactKey: Guid(36f2365e805594a4b800229346ffc4a0) Importer(815301076,1909f56bfc062723c751e8b465ee728b)
Start importing Assets/Prefabs/Obstacle (3).prefab using Guid(36f2365e805594a4b800229346ffc4a0) Importer(815301076,1909f56bfc062723c751e8b465ee728b)  -> (artifact id: '950f105f4a3742e19de487609f71f82a') in 0.013373 seconds
  Import took 0.019220 seconds .

========================================================================
Received Import Request.
  Time since last request: 24.577168 seconds.
  path: Assets/Prefabs/Door_Obstacleµ.prefab
  artifactKey: Guid(36f2365e805594a4b800229346ffc4a0) Importer(815301076,1909f56bfc062723c751e8b465ee728b)
Start importing Assets/Prefabs/Door_Obstacleµ.prefab using Guid(36f2365e805594a4b800229346ffc4a0) Importer(815301076,1909f56bfc062723c751e8b465ee728b)  -> (artifact id: '6b9fb2ced4e9b54414b071ffc5a126d8') in 0.014018 seconds
  Import took 0.019837 seconds .

========================================================================
Received Import Request.
  Time since last request: 4.177900 seconds.
  path: Assets/Prefabs/Door_Obstacle.prefab
  artifactKey: Guid(36f2365e805594a4b800229346ffc4a0) Importer(815301076,1909f56bfc062723c751e8b465ee728b)
Start importing Assets/Prefabs/Door_Obstacle.prefab using Guid(36f2365e805594a4b800229346ffc4a0) Importer(815301076,1909f56bfc062723c751e8b465ee728b)  -> (artifact id: '1c57ecd40e217c13660d1ab4cf84e491') in 0.011590 seconds
  Import took 0.017442 seconds .

========================================================================
Received Import Request.
  Time since last request: 20.852464 seconds.
  path: Assets/Materials/Door.mat
  artifactKey: Guid(6de34f16aa7e4d2439a077d1d110fb88) Importer(815301076,1909f56bfc062723c751e8b465ee728b)
Start importing Assets/Materials/Door.mat using Guid(6de34f16aa7e4d2439a077d1d110fb88) Importer(815301076,1909f56bfc062723c751e8b465ee728b)  -> (artifact id: 'c24ae5a1f5a6115346265a28a3638e60') in 0.046075 seconds
  Import took 0.064523 seconds .

========================================================================
Received Import Request.
  Time since last request: 439.789440 seconds.
  path: Assets/Materials/Obstacle.mat
  artifactKey: Guid(b48b4096cb11b414eab5d9af26a1504e) Importer(815301076,1909f56bfc062723c751e8b465ee728b)
Start importing Assets/Materials/Obstacle.mat using Guid(b48b4096cb11b414eab5d9af26a1504e) Importer(815301076,1909f56bfc062723c751e8b465ee728b)  -> (artifact id: '9020e5808a57f7f2ce7d1d7e08642958') in 1.171168 seconds
  Import took 1.391237 seconds .

========================================================================
Received Import Request.
  Time since last request: 102.482185 seconds.
  path: Assets/Fantasy Treasure Pack Lite/Prefab/bottle_009.prefab
  artifactKey: Guid(0e0ffe614c6a184429243316c49e2efd) Importer(815301076,1909f56bfc062723c751e8b465ee728b)
Start importing Assets/Fantasy Treasure Pack Lite/Prefab/bottle_009.prefab using Guid(0e0ffe614c6a184429243316c49e2efd) Importer(815301076,1909f56bfc062723c751e8b465ee728b)  -> (artifact id: 'e24723f729afc3735a289d68fc56ff28') in 0.453166 seconds
  Import took 0.459378 seconds .

========================================================================
Received Import Request.
  Time since last request: 0.000821 seconds.
  path: Assets/Fantasy Treasure Pack Lite/Prefab/gold_01.prefab
  artifactKey: Guid(c82411508e9628b4e9f629bf2800542f) Importer(815301076,1909f56bfc062723c751e8b465ee728b)
Start importing Assets/Fantasy Treasure Pack Lite/Prefab/gold_01.prefab using Guid(c82411508e9628b4e9f629bf2800542f) Importer(815301076,1909f56bfc062723c751e8b465ee728b)  -> (artifact id: 'dc1c0899fed42624f4c4980d061f7e8a') in 0.026569 seconds
  Import took 0.033279 seconds .

========================================================================
Received Import Request.
  Time since last request: 0.000556 seconds.
  path: Assets/Fantasy Treasure Pack Lite/Prefab/sack_010.prefab
  artifactKey: Guid(7482e26d21c702344ac7795f06772f1c) Importer(815301076,1909f56bfc062723c751e8b465ee728b)
Start importing Assets/Fantasy Treasure Pack Lite/Prefab/sack_010.prefab using Guid(7482e26d21c702344ac7795f06772f1c) Importer(815301076,1909f56bfc062723c751e8b465ee728b)  -> (artifact id: 'e2ee4c5b7e8e15b4947b0ff0761347b5') in 0.022982 seconds
  Import took 0.029339 seconds .

========================================================================
Received Import Request.
  Time since last request: 3.155737 seconds.
  path: Assets/Fantasy Treasure Pack Lite/Mesh/bottle_009.fbx
  artifactKey: Guid(942cd38d87839934798fc561719eb695) Importer(815301076,1909f56bfc062723c751e8b465ee728b)
Start importing Assets/Fantasy Treasure Pack Lite/Mesh/bottle_009.fbx using Guid(942cd38d87839934798fc561719eb695) Importer(815301076,1909f56bfc062723c751e8b465ee728b)  -> (artifact id: '5fef3dacfd30ec11d2fcada7ee5fa264') in 0.574986 seconds
  Import took 0.581631 seconds .

========================================================================
Received Import Request.
  Time since last request: 0.000733 seconds.
  path: Assets/Fantasy Treasure Pack Lite/Mesh/sack_010.fbx
  artifactKey: Guid(2f5e3d3462b9fba43a427722efd79127) Importer(815301076,1909f56bfc062723c751e8b465ee728b)
Start importing Assets/Fantasy Treasure Pack Lite/Mesh/sack_010.fbx using Guid(2f5e3d3462b9fba43a427722efd79127) Importer(815301076,1909f56bfc062723c751e8b465ee728b)  -> (artifact id: 'd3e9c88f3914cc7cbbd963352095ba1a') in 0.034510 seconds
  Import took 0.040430 seconds .

========================================================================
Received Import Request.
  Time since last request: 0.000603 seconds.
  path: Assets/Fantasy Treasure Pack Lite/Mesh/gold_01.fbx
  artifactKey: Guid(825dc207bf01b7e4bab4a7b500b96d1e) Importer(815301076,1909f56bfc062723c751e8b465ee728b)
Start importing Assets/Fantasy Treasure Pack Lite/Mesh/gold_01.fbx using Guid(825dc207bf01b7e4bab4a7b500b96d1e) Importer(815301076,1909f56bfc062723c751e8b465ee728b)  -> (artifact id: '10b3f04313c7f8db4f0615be5be77e32') in 0.034364 seconds
  Import took 0.072235 seconds .

========================================================================
Received Import Request.
  Time since last request: 1.580128 seconds.
  path: Assets/Fantasy Treasure Pack Lite/Mesh/Materials
  artifactKey: Guid(7fec193270a1a694392f0fcba6a1738d) Importer(815301076,1909f56bfc062723c751e8b465ee728b)
Start importing Assets/Fantasy Treasure Pack Lite/Mesh/Materials using Guid(7fec193270a1a694392f0fcba6a1738d) Importer(815301076,1909f56bfc062723c751e8b465ee728b)  -> (artifact id: '7f03ac1ecf5dc52c88cecfb6929c29c6') in 0.003065 seconds
  Import took 0.009027 seconds .

========================================================================
Received Import Request.
  Time since last request: 0.064019 seconds.
  path: Assets/Fantasy Treasure Pack Lite/Mesh/Materials/texture_04.mat
  artifactKey: Guid(5bbec098120535748a937d8dd264e3cc) Importer(815301076,1909f56bfc062723c751e8b465ee728b)
Start importing Assets/Fantasy Treasure Pack Lite/Mesh/Materials/texture_04.mat using Guid(5bbec098120535748a937d8dd264e3cc) Importer(815301076,1909f56bfc062723c751e8b465ee728b)  -> (artifact id: '19b05f79e1bd5253376fd77cfde04262') in 0.017673 seconds
  Import took 0.023588 seconds .

========================================================================
Received Import Request.
  Time since last request: 0.000560 seconds.
  path: Assets/Fantasy Treasure Pack Lite/Mesh/Materials/texture_10.mat
  artifactKey: Guid(17f7a86cb8b418d489f76f0047ef3a50) Importer(815301076,1909f56bfc062723c751e8b465ee728b)
Start importing Assets/Fantasy Treasure Pack Lite/Mesh/Materials/texture_10.mat using Guid(17f7a86cb8b418d489f76f0047ef3a50) Importer(815301076,1909f56bfc062723c751e8b465ee728b)  -> (artifact id: 'bc668f341107c180164bda20673934b0') in 0.017165 seconds
  Import took 0.024560 seconds .

========================================================================
Received Import Request.
  Time since last request: 0.000829 seconds.
  path: Assets/Fantasy Treasure Pack Lite/Mesh/Materials/texture_09.mat
  artifactKey: Guid(5e1e828bd462a254ba9e9a4e2cd160e9) Importer(815301076,1909f56bfc062723c751e8b465ee728b)
Start importing Assets/Fantasy Treasure Pack Lite/Mesh/Materials/texture_09.mat using Guid(5e1e828bd462a254ba9e9a4e2cd160e9) Importer(815301076,1909f56bfc062723c751e8b465ee728b)  -> (artifact id: 'a8d8549c172d77e1138df9c31448ec66') in 0.043592 seconds
  Import took 0.052382 seconds .

========================================================================
Received Import Request.
  Time since last request: 4.841416 seconds.
  path: Assets/Fantasy Treasure Pack Lite/Texture/texture_04.png
  artifactKey: Guid(65d1bbd44ddeb544084b5466963d4123) Importer(815301076,1909f56bfc062723c751e8b465ee728b)
Start importing Assets/Fantasy Treasure Pack Lite/Texture/texture_04.png using Guid(65d1bbd44ddeb544084b5466963d4123) Importer(815301076,1909f56bfc062723c751e8b465ee728b)  -> (artifact id: '609f9899cdd9edf948c701be4fd3f0c9') in 0.113509 seconds
  Import took 0.118228 seconds .

========================================================================
Received Import Request.
  Time since last request: 0.000452 seconds.
  path: Assets/Fantasy Treasure Pack Lite/Texture/texture_10.png
  artifactKey: Guid(047d557fe648d1e4d9ce1ede36e3b675) Importer(815301076,1909f56bfc062723c751e8b465ee728b)
Start importing Assets/Fantasy Treasure Pack Lite/Texture/texture_10.png using Guid(047d557fe648d1e4d9ce1ede36e3b675) Importer(815301076,1909f56bfc062723c751e8b465ee728b)  -> (artifact id: 'eb88a4d34eadea68e10ce587fd7e447f') in 0.019850 seconds
  Import took 0.025548 seconds .

========================================================================
Received Import Request.
  Time since last request: 0.000568 seconds.
  path: Assets/Fantasy Treasure Pack Lite/Texture/texture_09.png
  artifactKey: Guid(7b66e2c5e8d783444b8acb4aaeef67b4) Importer(815301076,1909f56bfc062723c751e8b465ee728b)
Start importing Assets/Fantasy Treasure Pack Lite/Texture/texture_09.png using Guid(7b66e2c5e8d783444b8acb4aaeef67b4) Importer(815301076,1909f56bfc062723c751e8b465ee728b)  -> (artifact id: '211b73f85a6e4d5cb9707371d0718a9d') in 0.015945 seconds
  Import took 0.021159 seconds .

========================================================================
Received Import Request.
  Time since last request: 0.000623 seconds.
  path: Assets/Fantasy Treasure Pack Lite/Texture/texture_04.png
  artifactKey: Guid(65d1bbd44ddeb544084b5466963d4123) Importer(815301076,1909f56bfc062723c751e8b465ee728b)
Start importing Assets/Fantasy Treasure Pack Lite/Texture/texture_04.png using Guid(65d1bbd44ddeb544084b5466963d4123) Importer(815301076,1909f56bfc062723c751e8b465ee728b)  -> (artifact id: '609f9899cdd9edf948c701be4fd3f0c9') in 0.017616 seconds
  Import took 0.022969 seconds .

========================================================================
Received Import Request.
  Time since last request: 0.000628 seconds.
  path: Assets/Fantasy Treasure Pack Lite/Texture/texture_09.png
  artifactKey: Guid(7b66e2c5e8d783444b8acb4aaeef67b4) Importer(815301076,1909f56bfc062723c751e8b465ee728b)
Start importing Assets/Fantasy Treasure Pack Lite/Texture/texture_09.png using Guid(7b66e2c5e8d783444b8acb4aaeef67b4) Importer(815301076,1909f56bfc062723c751e8b465ee728b)  -> (artifact id: '211b73f85a6e4d5cb9707371d0718a9d') in 0.034579 seconds
  Import took 0.039968 seconds .

========================================================================
Received Import Request.
  Time since last request: 4.840271 seconds.
  path: Assets/Prefabs/Door_Obstacle.prefab
  artifactKey: Guid(36f2365e805594a4b800229346ffc4a0) Importer(815301076,1909f56bfc062723c751e8b465ee728b)
Start importing Assets/Prefabs/Door_Obstacle.prefab using Guid(36f2365e805594a4b800229346ffc4a0) Importer(815301076,1909f56bfc062723c751e8b465ee728b)  -> (artifact id: 'ace56dff19f343a9207c2601bf0abf3d') in 0.052246 seconds
  Import took 0.057721 seconds .

========================================================================
Received Import Request.
  Time since last request: 147.400278 seconds.
  path: Assets/Scripts/Rotate.cs
  artifactKey: Guid(392b3068cfe19a347abf74a5dc7d85ee) Importer(815301076,1909f56bfc062723c751e8b465ee728b)
Start importing Assets/Scripts/Rotate.cs using Guid(392b3068cfe19a347abf74a5dc7d85ee) Importer(815301076,1909f56bfc062723c751e8b465ee728b)  -> (artifact id: '03ab132939abceca260d21ce0d177c61') in 0.039681 seconds
  Import took 0.045089 seconds .

========================================================================
Received Prepare
Registering precompiled user dll's ...
Registered in 0.022509 seconds.
Begin MonoManager ReloadAssembly
Native extension for WindowsStandalone target not found
Native extension for WebGL target not found
Refreshing native plugins compatible for Editor in 0.29 ms, found 0 plugins.
Preloading 0 native plugins for Editor in 0.00 ms.
Invoked RoslynAnalysisRunner static constructor.
RoslynAnalysisRunner will not be running.
RoslynAnalysisRunner has terminated.
Mono: successfully reloaded assembly
- Completed reload, in  3.008 seconds
Platform modules already initialized, skipping
Refreshing native plugins compatible for Editor in 0.21 ms, found 0 plugins.
Preloading 0 native plugins for Editor in 0.00 ms.
Unloading 1147 Unused Serialized files (Serialized files now loaded: 0)
System memory in use before: 63.9 MB.
System memory in use after: 64.0 MB.

Unloading 5 unused Assets to reduce memory usage. Loaded Objects now: 1685.
Total: 239.253000 ms (FindLiveObjects: 47.855000 ms CreateObjectMapping: 0.114900 ms MarkObjects: 189.793900 ms  DeleteObjects: 1.484800 ms)

========================================================================
Received Prepare
Registering precompiled user dll's ...
Registered in 0.001345 seconds.
Begin MonoManager ReloadAssembly
Native extension for WindowsStandalone target not found
Native extension for WebGL target not found
Refreshing native plugins compatible for Editor in 0.48 ms, found 0 plugins.
Preloading 0 native plugins for Editor in 0.00 ms.
Invoked RoslynAnalysisRunner static constructor.
RoslynAnalysisRunner will not be running.
RoslynAnalysisRunner has terminated.
Mono: successfully reloaded assembly
- Completed reload, in  1.219 seconds
Platform modules already initialized, skipping
Refreshing native plugins compatible for Editor in 0.21 ms, found 0 plugins.
Preloading 0 native plugins for Editor in 0.00 ms.
Unloading 1147 Unused Serialized files (Serialized files now loaded: 0)
System memory in use before: 63.9 MB.
System memory in use after: 64.0 MB.

Unloading 5 unused Assets to reduce memory usage. Loaded Objects now: 1687.
Total: 178.857200 ms (FindLiveObjects: 12.720600 ms CreateObjectMapping: 0.095500 ms MarkObjects: 142.394800 ms  DeleteObjects: 23.641300 ms)

========================================================================
Received Import Request.
  Time since last request: 1945.779713 seconds.
  path: Assets/Scripts/Rotate.cs
  artifactKey: Guid(392b3068cfe19a347abf74a5dc7d85ee) Importer(815301076,1909f56bfc062723c751e8b465ee728b)
Start importing Assets/Scripts/Rotate.cs using Guid(392b3068cfe19a347abf74a5dc7d85ee) Importer(815301076,1909f56bfc062723c751e8b465ee728b)  -> (artifact id: 'b6e934edd7a2c7fa5978cfe00c3a37c9') in 0.008051 seconds
  Import took 0.014960 seconds .

========================================================================
Received Import Request.
  Time since last request: 198.728377 seconds.
  path: ProjectSettings/TagManager.asset
  artifactKey: Guid(00000000000000003000000000000000) Importer(815301076,1909f56bfc062723c751e8b465ee728b)
Start importing ProjectSettings/TagManager.asset using Guid(00000000000000003000000000000000) Importer(815301076,1909f56bfc062723c751e8b465ee728b)  -> (artifact id: '56a8166676c82f48342a1e45ef39afa3') in 0.044736 seconds
  Import took 0.050368 seconds .

========================================================================
Received Prepare
Registering precompiled user dll's ...
Registered in 0.001399 seconds.
Begin MonoManager ReloadAssembly
Native extension for WindowsStandalone target not found
Native extension for WebGL target not found
Refreshing native plugins compatible for Editor in 0.27 ms, found 0 plugins.
Preloading 0 native plugins for Editor in 0.00 ms.
Invoked RoslynAnalysisRunner static constructor.
RoslynAnalysisRunner will not be running.
RoslynAnalysisRunner has terminated.
Mono: successfully reloaded assembly
- Completed reload, in  2.544 seconds
Platform modules already initialized, skipping
Refreshing native plugins compatible for Editor in 0.23 ms, found 0 plugins.
Preloading 0 native plugins for Editor in 0.00 ms.
Unloading 1148 Unused Serialized files (Serialized files now loaded: 0)
System memory in use before: 64.0 MB.
System memory in use after: 64.0 MB.

Unloading 6 unused Assets to reduce memory usage. Loaded Objects now: 1690.
Total: 2.446600 ms (FindLiveObjects: 0.173300 ms CreateObjectMapping: 0.037600 ms MarkObjects: 1.984800 ms  DeleteObjects: 0.248700 ms)

========================================================================
Received Prepare
Registering precompiled user dll's ...
Registered in 0.000508 seconds.
Begin MonoManager ReloadAssembly
Native extension for WindowsStandalone target not found
Native extension for WebGL target not found
Refreshing native plugins compatible for Editor in 0.22 ms, found 0 plugins.
Preloading 0 native plugins for Editor in 0.00 ms.
Invoked RoslynAnalysisRunner static constructor.
RoslynAnalysisRunner will not be running.
RoslynAnalysisRunner has terminated.
Mono: successfully reloaded assembly
- Completed reload, in  0.710 seconds
Platform modules already initialized, skipping
Refreshing native plugins compatible for Editor in 0.21 ms, found 0 plugins.
Preloading 0 native plugins for Editor in 0.00 ms.
Unloading 1148 Unused Serialized files (Serialized files now loaded: 0)
System memory in use before: 64.0 MB.
System memory in use after: 64.0 MB.

Unloading 5 unused Assets to reduce memory usage. Loaded Objects now: 1692.
Total: 1.491200 ms (FindLiveObjects: 0.154200 ms CreateObjectMapping: 0.037400 ms MarkObjects: 1.254400 ms  DeleteObjects: 0.044500 ms)

========================================================================
Received Import Request.
  Time since last request: 58.830769 seconds.
  path: Assets/Scripts/UnlockDoor.cs
  artifactKey: Guid(d37981bb3e624bd4f8ec41bbcafbaca0) Importer(815301076,1909f56bfc062723c751e8b465ee728b)
Start importing Assets/Scripts/UnlockDoor.cs using Guid(d37981bb3e624bd4f8ec41bbcafbaca0) Importer(815301076,1909f56bfc062723c751e8b465ee728b)  -> (artifact id: '52358c5215ed39019a91821259335dfa') in 0.005135 seconds
  Import took 0.029795 seconds .

========================================================================
Received Import Request.
  Time since last request: 196.340371 seconds.
  path: Assets/Scripts/NextLevel.cs
  artifactKey: Guid(34ce93f17fc10354a8deb801e1c3dfbb) Importer(815301076,1909f56bfc062723c751e8b465ee728b)
Start importing Assets/Scripts/NextLevel.cs using Guid(34ce93f17fc10354a8deb801e1c3dfbb) Importer(815301076,1909f56bfc062723c751e8b465ee728b)  -> (artifact id: '976dcf0a34d314cc93e69ac5a5fcfafe') in 0.344617 seconds
  Import took 0.522471 seconds .

========================================================================
Received Prepare
Registering precompiled user dll's ...
Registered in 0.000769 seconds.
Begin MonoManager ReloadAssembly
Native extension for WindowsStandalone target not found
Native extension for WebGL target not found
Refreshing native plugins compatible for Editor in 0.36 ms, found 0 plugins.
Preloading 0 native plugins for Editor in 0.00 ms.
Invoked RoslynAnalysisRunner static constructor.
RoslynAnalysisRunner will not be running.
RoslynAnalysisRunner has terminated.
Mono: successfully reloaded assembly
- Completed reload, in  1.533 seconds
Platform modules already initialized, skipping
Refreshing native plugins compatible for Editor in 0.26 ms, found 0 plugins.
Preloading 0 native plugins for Editor in 0.00 ms.
Unloading 1148 Unused Serialized files (Serialized files now loaded: 0)
System memory in use before: 64.0 MB.
System memory in use after: 64.0 MB.

Unloading 5 unused Assets to reduce memory usage. Loaded Objects now: 1694.
Total: 12.520800 ms (FindLiveObjects: 0.850300 ms CreateObjectMapping: 0.087200 ms MarkObjects: 10.863900 ms  DeleteObjects: 0.716700 ms)

========================================================================
Received Import Request.
  Time since last request: 164.983611 seconds.
  path: Assets/Scripts/UnlockDoor.cs
  artifactKey: Guid(d37981bb3e624bd4f8ec41bbcafbaca0) Importer(815301076,1909f56bfc062723c751e8b465ee728b)
Start importing Assets/Scripts/UnlockDoor.cs using Guid(d37981bb3e624bd4f8ec41bbcafbaca0) Importer(815301076,1909f56bfc062723c751e8b465ee728b)  -> (artifact id: '9dde04e63107229649c9b1093ac69ff2') in 0.019536 seconds
  Import took 0.024431 seconds .

========================================================================
Received Prepare
Registering precompiled user dll's ...
Registered in 0.073831 seconds.
Begin MonoManager ReloadAssembly
Native extension for WindowsStandalone target not found
Native extension for WebGL target not found
Refreshing native plugins compatible for Editor in 0.23 ms, found 0 plugins.
Preloading 0 native plugins for Editor in 0.00 ms.
Invoked RoslynAnalysisRunner static constructor.
RoslynAnalysisRunner will not be running.
RoslynAnalysisRunner has terminated.
Mono: successfully reloaded assembly
- Completed reload, in  1.233 seconds
Platform modules already initialized, skipping
Refreshing native plugins compatible for Editor in 0.88 ms, found 0 plugins.
Preloading 0 native plugins for Editor in 0.00 ms.
Unloading 1148 Unused Serialized files (Serialized files now loaded: 0)
System memory in use before: 64.0 MB.
System memory in use after: 64.0 MB.

Unloading 5 unused Assets to reduce memory usage. Loaded Objects now: 1696.
Total: 2.813200 ms (FindLiveObjects: 0.598900 ms CreateObjectMapping: 0.273900 ms MarkObjects: 1.879300 ms  DeleteObjects: 0.059000 ms)

========================================================================
Received Import Request.
  Time since last request: 218.977441 seconds.
  path: Assets/Scenes/1_Level.unity
  artifactKey: Guid(3e1e930bb66103042bffc56b30c5fc31) Importer(815301076,1909f56bfc062723c751e8b465ee728b)
Start importing Assets/Scenes/1_Level.unity using Guid(3e1e930bb66103042bffc56b30c5fc31) Importer(815301076,1909f56bfc062723c751e8b465ee728b)  -> (artifact id: '535a083306018e35204adf7777e699d3') in 0.024457 seconds
  Import took 0.074067 seconds .

========================================================================
Received Prepare
Registering precompiled user dll's ...
Registered in 0.016291 seconds.
Begin MonoManager ReloadAssembly
Native extension for WindowsStandalone target not found
Native extension for WebGL target not found
Refreshing native plugins compatible for Editor in 0.24 ms, found 0 plugins.
Preloading 0 native plugins for Editor in 0.00 ms.
Invoked RoslynAnalysisRunner static constructor.
RoslynAnalysisRunner will not be running.
RoslynAnalysisRunner has terminated.
Mono: successfully reloaded assembly
- Completed reload, in  0.790 seconds
Platform modules already initialized, skipping
Refreshing native plugins compatible for Editor in 0.38 ms, found 0 plugins.
Preloading 0 native plugins for Editor in 0.00 ms.
Unloading 1148 Unused Serialized files (Serialized files now loaded: 0)
System memory in use before: 64.0 MB.
System memory in use after: 64.1 MB.

Unloading 5 unused Assets to reduce memory usage. Loaded Objects now: 1698.
Total: 3.132200 ms (FindLiveObjects: 0.335100 ms CreateObjectMapping: 0.082900 ms MarkObjects: 2.639200 ms  DeleteObjects: 0.072600 ms)

========================================================================
Received Prepare
Registering precompiled user dll's ...
Registered in 0.088091 seconds.
Begin MonoManager ReloadAssembly
Native extension for WindowsStandalone target not found
Native extension for WebGL target not found
Refreshing native plugins compatible for Editor in 0.24 ms, found 0 plugins.
Preloading 0 native plugins for Editor in 0.00 ms.
Invoked RoslynAnalysisRunner static constructor.
RoslynAnalysisRunner will not be running.
RoslynAnalysisRunner has terminated.
Mono: successfully reloaded assembly
- Completed reload, in  1.058 seconds
Platform modules already initialized, skipping
Refreshing native plugins compatible for Editor in 0.22 ms, found 0 plugins.
Preloading 0 native plugins for Editor in 0.00 ms.
Unloading 1148 Unused Serialized files (Serialized files now loaded: 0)
System memory in use before: 64.0 MB.
System memory in use after: 64.1 MB.

Unloading 5 unused Assets to reduce memory usage. Loaded Objects now: 1700.
Total: 1.705000 ms (FindLiveObjects: 0.167000 ms CreateObjectMapping: 0.031900 ms MarkObjects: 1.436700 ms  DeleteObjects: 0.065300 ms)

AssetImportWorkerClient::OnTransportError - code=2 error=End of file
